d:\code\mycode\alex_battlecity单机完整版\alex_battlecity\release\vc120.pdb
d:\code\mycode\alex_battlecity单机完整版\alex_battlecity\release\ret.obj
d:\code\mycode\alex_battlecity单机完整版\alex_battlecity\release\myrender.obj
d:\code\mycode\alex_battlecity单机完整版\alex_battlecity\release\releasemanager.obj
d:\code\mycode\alex_battlecity单机完整版\alex_battlecity\release\ref.obj
d:\code\mycode\alex_battlecity单机完整版\alex_battlecity\release\overscene.obj
d:\code\mycode\alex_battlecity单机完整版\alex_battlecity\release\mywindow.obj
d:\code\mycode\alex_battlecity单机完整版\alex_battlecity\release\mapscene.obj
d:\code\mycode\alex_battlecity单机完整版\alex_battlecity\release\map.obj
d:\code\mycode\alex_battlecity单机完整版\alex_battlecity\release\main.obj
d:\code\mycode\alex_battlecity单机完整版\alex_battlecity\release\gamescene.obj
d:\code\mycode\alex_battlecity单机完整版\alex_battlecity\release\gamemanager.obj
d:\code\mycode\alex_battlecity单机完整版\alex_battlecity\release\controller.obj
d:\code\mycode\alex_battlecity单机完整版\alex_battlecity\release\choicescene.obj
d:\code\mycode\alex_battlecity单机完整版\alex_battlecity\release\cfont.obj
d:\code\mycode\alex_battlecity单机完整版\alex_battlecity\release\bullet.obj
d:\code\mycode\alex_battlecity单机完整版\alex_battlecity\release\award.obj
d:\code\mycode\alex_battlecity单机完整版\alex_battlecity\release\autoref.obj
d:\code\mycode\alex_battlecity单机完整版\alex_battlecity\release\activesprite.obj
d:\code\mycode\alex_battlecity单机完整版\alex_battlecity\release\actionmanager.obj
d:\code\mycode\alex_battlecity单机完整版\alex_battlecity\release\action.obj
d:\code\mycode\alex_battlecity单机完整版\alex_battlecity\release\texture.obj
d:\code\mycode\alex_battlecity单机完整版\alex_battlecity\release\tank.obj
d:\code\mycode\alex_battlecity单机完整版\alex_battlecity\release\staticsprite.obj
d:\code\mycode\alex_battlecity单机完整版\alex_battlecity\release\startscene.obj
d:\code\mycode\alex_battlecity单机完整版\alex_battlecity\release\sprite.obj
d:\code\mycode\alex_battlecity单机完整版\alex_battlecity\release\sound.obj
d:\code\mycode\alex_battlecity单机完整版\alex_battlecity\release\scene.obj
d:\dx\9\alex_battlecity.exe
d:\dx\9\alex_battlecity.pdb
d:\code\mycode\alex_battlecity单机完整版\release\alex_battlecity.exe
d:\code\mycode\alex_battlecity单机完整版\release\alex_battlecity.pdb
d:\code\mycode\alex_battlecity单机完整版\alex_battlecity\release\alex_battlecity.tlog\cl.command.1.tlog
d:\code\mycode\alex_battlecity单机完整版\alex_battlecity\release\alex_battlecity.tlog\cl.read.1.tlog
d:\code\mycode\alex_battlecity单机完整版\alex_battlecity\release\alex_battlecity.tlog\cl.write.1.tlog
d:\code\mycode\alex_battlecity单机完整版\alex_battlecity\release\alex_battlecity.tlog\link.command.1.tlog
d:\code\mycode\alex_battlecity单机完整版\alex_battlecity\release\alex_battlecity.tlog\link.read.1.tlog
d:\code\mycode\alex_battlecity单机完整版\alex_battlecity\release\alex_battlecity.tlog\link.write.1.tlog
d:\code\mycode\alex_battlecity单机完整版\alex_battlecity\release\alex_battlecity.tlog\metagen.read.1.tlog
d:\code\mycode\alex_battlecity单机完整版\alex_battlecity\release\alex_battlecity.tlog\metagen.write.1.tlog
